# JRE version: OpenJDK Runtime Environment (11.0.10) (build 11.0.10+0-b96-7249189)
# Java VM: OpenJDK 64-Bit Server VM (11.0.10+0-b96-7249189, mixed mode, tiered, compressed oops, g1 gc, windows-amd64)
Heap:
 garbage-first heap   total 590848K, used 280517K [0x0000000080000000, 0x0000000100000000)
  region size 1024K, 11 young (11264K), 11 survivors (11264K)
 Metaspace       used 112902K, capacity 115948K, committed 116172K, reserved 1150976K
  class space    used 14361K, capacity 15494K, committed 15616K, reserved 1048576K
GC Heap History (20 events):
Event: 27.185 GC heap after
{Heap after GC invocations=57 (full 0):
 garbage-first heap   total 366592K, used 145864K [0x0000000080000000, 0x0000000100000000)
  region size 1024K, 6 young (6144K), 6 survivors (6144K)
 Metaspace       used 99129K, capacity 101512K, committed 101836K, reserved 1136640K
  class space    used 12827K, capacity 13734K, committed 13824K, reserved 1048576K
}
Event: 27.733 GC heap before
{Heap before GC invocations=57 (full 0):
 garbage-first heap   total 366592K, used 320968K [0x0000000080000000, 0x0000000100000000)
  region size 1024K, 177 young (181248K), 6 survivors (6144K)
 Metaspace       used 100339K, capacity 102806K, committed 102988K, reserved 1138688K
  class space    used 12977K, capacity 13899K, committed 13952K, reserved 1048576K
}
Event: 27.741 GC heap after
{Heap after GC invocations=58 (full 0):
 garbage-first heap   total 366592K, used 149756K [0x0000000080000000, 0x0000000100000000)
  region size 1024K, 10 young (10240K), 10 survivors (10240K)
 Metaspace       used 100339K, capacity 102806K, committed 102988K, reserved 1138688K
  class space    used 12977K, capacity 13899K, committed 13952K, reserved 1048576K
}
Event: 28.241 GC heap before
{Heap before GC invocations=58 (full 0):
 garbage-first heap   total 366592K, used 320764K [0x0000000080000000, 0x0000000100000000)
  region size 1024K, 175 young (179200K), 10 survivors (10240K)
 Metaspace       used 100948K, capacity 103550K, committed 103628K, reserved 1138688K
  class space    used 13048K, capacity 14025K, committed 14080K, reserved 1048576K
}
Event: 28.251 GC heap after
{Heap after GC invocations=59 (full 0):
 garbage-first heap   total 366592K, used 146322K [0x0000000080000000, 0x0000000100000000)
  region size 1024K, 7 young (7168K), 7 survivors (7168K)
 Metaspace       used 100948K, capacity 103550K, committed 103628K, reserved 1138688K
  class space    used 13048K, capacity 14025K, committed 14080K, reserved 1048576K
}
Event: 29.210 GC heap before
{Heap before GC invocations=59 (full 0):
 garbage-first heap   total 366592K, used 321426K [0x0000000080000000, 0x0000000100000000)
  region size 1024K, 159 young (162816K), 7 survivors (7168K)
 Metaspace       used 102212K, capacity 104840K, committed 105036K, reserved 1140736K
  class space    used 13194K, capacity 14191K, committed 14208K, reserved 1048576K
}
Event: 29.226 GC heap after
{Heap after GC invocations=60 (full 0):
 garbage-first heap   total 366592K, used 164224K [0x0000000080000000, 0x0000000100000000)
  region size 1024K, 11 young (11264K), 11 survivors (11264K)
 Metaspace       used 102212K, capacity 104840K, committed 105036K, reserved 1140736K
  class space    used 13194K, capacity 14191K, committed 14208K, reserved 1048576K
}
Event: 29.808 GC heap before
{Heap before GC invocations=61 (full 0):
 garbage-first heap   total 366592K, used 332160K [0x0000000080000000, 0x0000000100000000)
  region size 1024K, 159 young (162816K), 11 survivors (11264K)
 Metaspace       used 104724K, capacity 107297K, committed 107340K, reserved 1142784K
  class space    used 13410K, capacity 14431K, committed 14464K, reserved 1048576K
}
Event: 29.870 GC heap after
{Heap after GC invocations=62 (full 0):
 garbage-first heap   total 402432K, used 230883K [0x0000000080000000, 0x0000000100000000)
  region size 1024K, 20 young (20480K), 20 survivors (20480K)
 Metaspace       used 104724K, capacity 107297K, committed 107340K, reserved 1142784K
  class space    used 13410K, capacity 14431K, committed 14464K, reserved 1048576K
}
Event: 29.884 GC heap before
{Heap before GC invocations=62 (full 0):
 garbage-first heap   total 402432K, used 231907K [0x0000000080000000, 0x0000000100000000)
  region size 1024K, 21 young (21504K), 20 survivors (20480K)
 Metaspace       used 104730K, capacity 107362K, committed 107596K, reserved 1142784K
  class space    used 13410K, capacity 14431K, committed 14464K, reserved 1048576K
}
Event: 29.919 GC heap after
{Heap after GC invocations=63 (full 0):
 garbage-first heap   total 527360K, used 210255K [0x0000000080000000, 0x0000000100000000)
  region size 1024K, 3 young (3072K), 3 survivors (3072K)
 Metaspace       used 104730K, capacity 107362K, committed 107596K, reserved 1142784K
  class space    used 13410K, capacity 14431K, committed 14464K, reserved 1048576K
}
Event: 31.023 GC heap before
{Heap before GC invocations=63 (full 0):
 garbage-first heap   total 527360K, used 394575K [0x0000000080000000, 0x0000000100000000)
  region size 1024K, 180 young (184320K), 3 survivors (3072K)
 Metaspace       used 105868K, capacity 108641K, committed 108748K, reserved 1142784K
  class space    used 13500K, capacity 14551K, committed 14592K, reserved 1048576K
}
Event: 31.050 GC heap after
{Heap after GC invocations=64 (full 0):
 garbage-first heap   total 527360K, used 242260K [0x0000000080000000, 0x0000000100000000)
  region size 1024K, 23 young (23552K), 23 survivors (23552K)
 Metaspace       used 105868K, capacity 108641K, committed 108748K, reserved 1142784K
  class space    used 13500K, capacity 14551K, committed 14592K, reserved 1048576K
}
Event: 32.721 GC heap before
{Heap before GC invocations=64 (full 0):
 garbage-first heap   total 527360K, used 430676K [0x0000000080000000, 0x0000000100000000)
  region size 1024K, 181 young (185344K), 23 survivors (23552K)
 Metaspace       used 106698K, capacity 109565K, committed 109644K, reserved 1144832K
  class space    used 13561K, capacity 14642K, committed 14720K, reserved 1048576K
}
Event: 32.752 GC heap after
{Heap after GC invocations=65 (full 0):
 garbage-first heap   total 527360K, used 288101K [0x0000000080000000, 0x0000000100000000)
  region size 1024K, 20 young (20480K), 20 survivors (20480K)
 Metaspace       used 106698K, capacity 109565K, committed 109644K, reserved 1144832K
  class space    used 13561K, capacity 14642K, committed 14720K, reserved 1048576K
}
Event: 34.068 GC heap before
{Heap before GC invocations=65 (full 0):
 garbage-first heap   total 527360K, used 452965K [0x0000000080000000, 0x0000000100000000)
  region size 1024K, 150 young (153600K), 20 survivors (20480K)
 Metaspace       used 107435K, capacity 110273K, committed 110412K, reserved 1144832K
  class space    used 13639K, capacity 14707K, committed 14720K, reserved 1048576K
}
Event: 34.087 GC heap after
{Heap after GC invocations=66 (full 0):
 garbage-first heap   total 527360K, used 278775K [0x0000000080000000, 0x0000000100000000)
  region size 1024K, 9 young (9216K), 9 survivors (9216K)
 Metaspace       used 107435K, capacity 110273K, committed 110412K, reserved 1144832K
  class space    used 13639K, capacity 14707K, committed 14720K, reserved 1048576K
}
Event: 35.651 GC heap before
{Heap before GC invocations=66 (full 0):
 garbage-first heap   total 527360K, used 425207K [0x0000000080000000, 0x0000000100000000)
  region size 1024K, 151 young (154624K), 9 survivors (9216K)
 Metaspace       used 110079K, capacity 112892K, committed 113100K, reserved 1146880K
  class space    used 13951K, capacity 15017K, committed 15104K, reserved 1048576K
}
Event: 35.691 GC heap after
{Heap after GC invocations=67 (full 0):
 garbage-first heap   total 527360K, used 282742K [0x0000000080000000, 0x0000000100000000)
  region size 1024K, 11 young (11264K), 11 survivors (11264K)
 Metaspace       used 110079K, capacity 112892K, committed 113100K, reserved 1146880K
  class space    used 13951K, capacity 15017K, committed 15104K, reserved 1048576K
}
Event: 55.809 GC heap before
{Heap before GC invocations=67 (full 0):
 garbage-first heap   total 527360K, used 431222K [0x0000000080000000, 0x0000000100000000)
  region size 1024K, 156 young (159744K), 11 survivors (11264K)
 Metaspace       used 112902K, capacity 115948K, committed 116172K, reserved 1150976K
  class space    used 14361K, capacity 15494K, committed 15616K, reserved 1048576K
}

