# JRE version: OpenJDK Runtime Environment (11.0.11+9) (build 11.0.11+9-b60-7590822)
# Java VM: OpenJDK 64-Bit Server VM (11.0.11+9-b60-7590822, mixed mode, tiered, compressed oops, g1 gc, windows-amd64)
Heap:
 garbage-first heap   total 182272K, used 62464K [0x000000008a000000, 0x0000000100000000)
  region size 1024K, 14 young (14336K), 5 survivors (5120K)
 Metaspace       used 67691K, capacity 68444K, committed 68736K, reserved 1110016K
  class space    used 7651K, capacity 7970K, committed 8064K, reserved 1048576K
GC Heap History (18 events):
Event: 1.127 GC heap before
{Heap before GC invocations=0 (full 0):
 garbage-first heap   total 120832K, used 27648K [0x000000008a000000, 0x0000000100000000)
  region size 1024K, 24 young (24576K), 0 survivors (0K)
 Metaspace       used 12358K, capacity 12504K, committed 12800K, reserved 1060864K
  class space    used 1167K, capacity 1207K, committed 1280K, reserved 1048576K
}
Event: 1.134 GC heap after
{Heap after GC invocations=1 (full 0):
 garbage-first heap   total 120832K, used 5832K [0x000000008a000000, 0x0000000100000000)
  region size 1024K, 3 young (3072K), 3 survivors (3072K)
 Metaspace       used 12358K, capacity 12504K, committed 12800K, reserved 1060864K
  class space    used 1167K, capacity 1207K, committed 1280K, reserved 1048576K
}
Event: 2.378 GC heap before
{Heap before GC invocations=1 (full 0):
 garbage-first heap   total 120832K, used 40648K [0x000000008a000000, 0x0000000100000000)
  region size 1024K, 38 young (38912K), 3 survivors (3072K)
 Metaspace       used 20878K, capacity 21094K, committed 21248K, reserved 1069056K
  class space    used 2224K, capacity 2293K, committed 2304K, reserved 1048576K
}
Event: 2.401 GC heap after
{Heap after GC invocations=2 (full 0):
 garbage-first heap   total 120832K, used 9184K [0x000000008a000000, 0x0000000100000000)
  region size 1024K, 6 young (6144K), 6 survivors (6144K)
 Metaspace       used 20878K, capacity 21094K, committed 21248K, reserved 1069056K
  class space    used 2224K, capacity 2293K, committed 2304K, reserved 1048576K
}
Event: 4.134 GC heap before
{Heap before GC invocations=3 (full 0):
 garbage-first heap   total 120832K, used 60384K [0x000000008a000000, 0x0000000100000000)
  region size 1024K, 51 young (52224K), 6 survivors (6144K)
 Metaspace       used 31941K, capacity 32482K, committed 32640K, reserved 1077248K
  class space    used 3984K, capacity 4166K, committed 4224K, reserved 1048576K
}
Event: 4.178 GC heap after
{Heap after GC invocations=4 (full 0):
 garbage-first heap   total 120832K, used 20616K [0x000000008a000000, 0x0000000100000000)
  region size 1024K, 7 young (7168K), 7 survivors (7168K)
 Metaspace       used 31941K, capacity 32482K, committed 32640K, reserved 1077248K
  class space    used 3984K, capacity 4166K, committed 4224K, reserved 1048576K
}
Event: 4.558 GC heap before
{Heap before GC invocations=4 (full 0):
 garbage-first heap   total 120832K, used 32904K [0x000000008a000000, 0x0000000100000000)
  region size 1024K, 20 young (20480K), 7 survivors (7168K)
 Metaspace       used 35002K, capacity 35463K, committed 35584K, reserved 1081344K
  class space    used 4343K, capacity 4520K, committed 4608K, reserved 1048576K
}
Event: 4.589 GC heap after
{Heap after GC invocations=5 (full 0):
 garbage-first heap   total 120832K, used 22551K [0x000000008a000000, 0x0000000100000000)
  region size 1024K, 2 young (2048K), 2 survivors (2048K)
 Metaspace       used 35002K, capacity 35463K, committed 35584K, reserved 1081344K
  class space    used 4343K, capacity 4520K, committed 4608K, reserved 1048576K
}
Event: 5.896 GC heap before
{Heap before GC invocations=6 (full 0):
 garbage-first heap   total 120832K, used 63511K [0x000000008a000000, 0x0000000100000000)
  region size 1024K, 42 young (43008K), 2 survivors (2048K)
 Metaspace       used 43485K, capacity 44088K, committed 44416K, reserved 1087488K
  class space    used 5196K, capacity 5406K, committed 5504K, reserved 1048576K
}
Event: 5.910 GC heap after
{Heap after GC invocations=7 (full 0):
 garbage-first heap   total 151552K, used 25795K [0x000000008a000000, 0x0000000100000000)
  region size 1024K, 5 young (5120K), 5 survivors (5120K)
 Metaspace       used 43485K, capacity 44088K, committed 44416K, reserved 1087488K
  class space    used 5196K, capacity 5406K, committed 5504K, reserved 1048576K
}
Event: 7.049 GC heap before
{Heap before GC invocations=7 (full 0):
 garbage-first heap   total 151552K, used 81091K [0x000000008a000000, 0x0000000100000000)
  region size 1024K, 58 young (59392K), 5 survivors (5120K)
 Metaspace       used 48281K, capacity 48849K, committed 49024K, reserved 1091584K
  class space    used 5704K, capacity 5924K, committed 6016K, reserved 1048576K
}
Event: 7.066 GC heap after
{Heap after GC invocations=8 (full 0):
 garbage-first heap   total 151552K, used 30260K [0x000000008a000000, 0x0000000100000000)
  region size 1024K, 8 young (8192K), 8 survivors (8192K)
 Metaspace       used 48281K, capacity 48849K, committed 49024K, reserved 1091584K
  class space    used 5704K, capacity 5924K, committed 6016K, reserved 1048576K
}
Event: 8.787 GC heap before
{Heap before GC invocations=8 (full 0):
 garbage-first heap   total 151552K, used 88628K [0x000000008a000000, 0x0000000100000000)
  region size 1024K, 65 young (66560K), 8 survivors (8192K)
 Metaspace       used 53150K, capacity 53722K, committed 54016K, reserved 1097728K
  class space    used 6093K, capacity 6327K, committed 6400K, reserved 1048576K
}
Event: 8.815 GC heap after
{Heap after GC invocations=9 (full 0):
 garbage-first heap   total 151552K, used 40412K [0x000000008a000000, 0x0000000100000000)
  region size 1024K, 9 young (9216K), 9 survivors (9216K)
 Metaspace       used 53150K, capacity 53722K, committed 54016K, reserved 1097728K
  class space    used 6093K, capacity 6327K, committed 6400K, reserved 1048576K
}
Event: 9.922 GC heap before
{Heap before GC invocations=9 (full 0):
 garbage-first heap   total 151552K, used 96732K [0x000000008a000000, 0x0000000100000000)
  region size 1024K, 64 young (65536K), 9 survivors (9216K)
 Metaspace       used 58826K, capacity 59525K, committed 59648K, reserved 1101824K
  class space    used 6791K, capacity 7087K, committed 7168K, reserved 1048576K
}
Event: 9.958 GC heap after
{Heap after GC invocations=10 (full 0):
 garbage-first heap   total 151552K, used 50069K [0x000000008a000000, 0x0000000100000000)
  region size 1024K, 9 young (9216K), 9 survivors (9216K)
 Metaspace       used 58826K, capacity 59525K, committed 59648K, reserved 1101824K
  class space    used 6791K, capacity 7087K, committed 7168K, reserved 1048576K
}
Event: 11.728 GC heap before
{Heap before GC invocations=11 (full 0):
 garbage-first heap   total 151552K, used 104341K [0x000000008a000000, 0x0000000100000000)
  region size 1024K, 62 young (63488K), 9 survivors (9216K)
 Metaspace       used 66909K, capacity 67676K, committed 67840K, reserved 1110016K
  class space    used 7591K, capacity 7906K, committed 7936K, reserved 1048576K
}
Event: 11.770 GC heap after
{Heap after GC invocations=12 (full 0):
 garbage-first heap   total 182272K, used 54272K [0x000000008a000000, 0x0000000100000000)
  region size 1024K, 5 young (5120K), 5 survivors (5120K)
 Metaspace       used 66909K, capacity 67676K, committed 67840K, reserved 1110016K
  class space    used 7591K, capacity 7906K, committed 7936K, reserved 1048576K
}

