# JRE version: OpenJDK Runtime Environment (11.0.10) (build 11.0.10+0-b96-7249189)
# Java VM: OpenJDK 64-Bit Server VM (11.0.10+0-b96-7249189, mixed mode, tiered, compressed oops, g1 gc, windows-amd64)
Heap:
 garbage-first heap   total 120832K, used 52120K [0x0000000080000000, 0x0000000100000000)
  region size 1024K, 36 young (36864K), 7 survivors (7168K)
 Metaspace       used 36826K, capacity 37726K, committed 37888K, reserved 1081344K
  class space    used 4765K, capacity 5085K, committed 5120K, reserved 1048576K
GC Heap History (12 events):
Event: 1.577 GC heap before
{Heap before GC invocations=0 (full 0):
 garbage-first heap   total 120832K, used 29696K [0x0000000080000000, 0x0000000100000000)
  region size 1024K, 24 young (24576K), 0 survivors (0K)
 Metaspace       used 9826K, capacity 9994K, committed 10112K, reserved 1058816K
  class space    used 1023K, capacity 1102K, committed 1152K, reserved 1048576K
}
Event: 1.587 GC heap after
{Heap after GC invocations=1 (full 0):
 garbage-first heap   total 120832K, used 8993K [0x0000000080000000, 0x0000000100000000)
  region size 1024K, 3 young (3072K), 3 survivors (3072K)
 Metaspace       used 9826K, capacity 9994K, committed 10112K, reserved 1058816K
  class space    used 1023K, capacity 1102K, committed 1152K, reserved 1048576K
}
Event: 3.391 GC heap before
{Heap before GC invocations=1 (full 0):
 garbage-first heap   total 120832K, used 77601K [0x0000000080000000, 0x0000000100000000)
  region size 1024K, 70 young (71680K), 3 survivors (3072K)
 Metaspace       used 17474K, capacity 17843K, committed 18048K, reserved 1064960K
  class space    used 2040K, capacity 2174K, committed 2176K, reserved 1048576K
}
Event: 3.408 GC heap after
{Heap after GC invocations=2 (full 0):
 garbage-first heap   total 120832K, used 15858K [0x0000000080000000, 0x0000000100000000)
  region size 1024K, 9 young (9216K), 9 survivors (9216K)
 Metaspace       used 17474K, capacity 17843K, committed 18048K, reserved 1064960K
  class space    used 2040K, capacity 2174K, committed 2176K, reserved 1048576K
}
Event: 3.860 GC heap before
{Heap before GC invocations=2 (full 0):
 garbage-first heap   total 120832K, used 42482K [0x0000000080000000, 0x0000000100000000)
  region size 1024K, 37 young (37888K), 9 survivors (9216K)
 Metaspace       used 20599K, capacity 21099K, committed 21248K, reserved 1067008K
  class space    used 2515K, capacity 2690K, committed 2816K, reserved 1048576K
}
Event: 3.869 GC heap after
{Heap after GC invocations=3 (full 0):
 garbage-first heap   total 120832K, used 17654K [0x0000000080000000, 0x0000000100000000)
  region size 1024K, 2 young (2048K), 2 survivors (2048K)
 Metaspace       used 20599K, capacity 21099K, committed 21248K, reserved 1067008K
  class space    used 2515K, capacity 2690K, committed 2816K, reserved 1048576K
}
Event: 4.512 GC heap before
{Heap before GC invocations=4 (full 0):
 garbage-first heap   total 120832K, used 64758K [0x0000000080000000, 0x0000000100000000)
  region size 1024K, 48 young (49152K), 2 survivors (2048K)
 Metaspace       used 25402K, capacity 26041K, committed 26112K, reserved 1071104K
  class space    used 3311K, capacity 3534K, committed 3584K, reserved 1048576K
}
Event: 4.516 GC heap after
{Heap after GC invocations=5 (full 0):
 garbage-first heap   total 120832K, used 19000K [0x0000000080000000, 0x0000000100000000)
  region size 1024K, 3 young (3072K), 3 survivors (3072K)
 Metaspace       used 25402K, capacity 26041K, committed 26112K, reserved 1071104K
  class space    used 3311K, capacity 3534K, committed 3584K, reserved 1048576K
}
Event: 5.218 GC heap before
{Heap before GC invocations=5 (full 0):
 garbage-first heap   total 120832K, used 71224K [0x0000000080000000, 0x0000000100000000)
  region size 1024K, 54 young (55296K), 3 survivors (3072K)
 Metaspace       used 30619K, capacity 31298K, committed 31488K, reserved 1077248K
  class space    used 4111K, capacity 4352K, committed 4352K, reserved 1048576K
}
Event: 5.222 GC heap after
{Heap after GC invocations=6 (full 0):
 garbage-first heap   total 120832K, used 20917K [0x0000000080000000, 0x0000000100000000)
  region size 1024K, 5 young (5120K), 5 survivors (5120K)
 Metaspace       used 30619K, capacity 31298K, committed 31488K, reserved 1077248K
  class space    used 4111K, capacity 4352K, committed 4352K, reserved 1048576K
}
Event: 5.527 GC heap before
{Heap before GC invocations=6 (full 0):
 garbage-first heap   total 120832K, used 33205K [0x0000000080000000, 0x0000000100000000)
  region size 1024K, 18 young (18432K), 5 survivors (5120K)
 Metaspace       used 34925K, capacity 35747K, committed 35840K, reserved 1081344K
  class space    used 4535K, capacity 4834K, committed 4864K, reserved 1048576K
}
Event: 5.538 GC heap after
{Heap after GC invocations=7 (full 0):
 garbage-first heap   total 120832K, used 23448K [0x0000000080000000, 0x0000000100000000)
  region size 1024K, 7 young (7168K), 7 survivors (7168K)
 Metaspace       used 34925K, capacity 35747K, committed 35840K, reserved 1081344K
  class space    used 4535K, capacity 4834K, committed 4864K, reserved 1048576K
}

